Flow report for vga_DS
Tue Dec 02 22:47:46 2014
Quartus II 32-bit Version 12.0 Build 178 05/31/2012 SJ Web Edition


---------------------
; Table of Contents ;
---------------------
  1. Legal Notice
  2. Flow Summary
  3. Flow Settings
  4. Flow Non-Default Global Settings
  5. Flow Elapsed Time
  6. Flow OS Summary
  7. Flow Log



----------------
; Legal Notice ;
----------------
Copyright (C) 1991-2012 Altera Corporation
Your use of Altera Corporation's design tools, logic functions 
and other software and tools, and its AMPP partner logic 
functions, and any output files from any of the foregoing 
(including device programming or simulation files), and any 
associated documentation or information are expressly subject 
to the terms and conditions of the Altera Program License 
Subscription Agreement, Altera MegaCore Function License 
Agreement, or other applicable license agreement, including, 
without limitation, that your use is for the sole purpose of 
programming logic devices manufactured by Altera and sold by 
Altera or its authorized distributors.  Please refer to the 
applicable agreement for further details.



+-------------------------------------------------------------------------------+
; Flow Summary                                                                  ;
+------------------------------------+------------------------------------------+
; Flow Status                        ; Successful - Tue Dec 02 22:47:46 2014    ;
; Quartus II 32-bit Version          ; 12.0 Build 178 05/31/2012 SJ Web Edition ;
; Revision Name                      ; vga_DS                                   ;
; Top-level Entity Name              ; vga_DS                                   ;
; Family                             ; Cyclone III                              ;
; Device                             ; EP3C5E144C8                              ;
; Timing Models                      ; Final                                    ;
; Total logic elements               ; 2,448 / 5,136 ( 48 % )                   ;
;     Total combinational functions  ; 2,434 / 5,136 ( 47 % )                   ;
;     Dedicated logic registers      ; 43 / 5,136 ( < 1 % )                     ;
; Total registers                    ; 43                                       ;
; Total pins                         ; 39 / 95 ( 41 % )                         ;
; Total virtual pins                 ; 0                                        ;
; Total memory bits                  ; 0 / 423,936 ( 0 % )                      ;
; Embedded Multiplier 9-bit elements ; 0 / 46 ( 0 % )                           ;
; Total PLLs                         ; 1 / 2 ( 50 % )                           ;
+------------------------------------+------------------------------------------+


+-----------------------------------------+
; Flow Settings                           ;
+-------------------+---------------------+
; Option            ; Setting             ;
+-------------------+---------------------+
; Start date & time ; 12/02/2014 22:46:46 ;
; Main task         ; Compilation         ;
; Revision Name     ; vga_DS              ;
+-------------------+---------------------+


+----------------------------------------------------------------------------------------------------------------------+
; Flow Non-Default Global Settings                                                                                     ;
+-------------------------------------+---------------------------------+---------------+-------------+----------------+
; Assignment Name                     ; Value                           ; Default Value ; Entity Name ; Section Id     ;
+-------------------------------------+---------------------------------+---------------+-------------+----------------+
; COMPILER_SIGNATURE_ID               ; 31264772910687.141758920516280  ; --            ; --          ; --             ;
; EDA_OUTPUT_DATA_FORMAT              ; Systemverilog Hdl               ; --            ; --          ; eda_simulation ;
; EDA_SIMULATION_TOOL                 ; ModelSim-Altera (SystemVerilog) ; <None>        ; --          ; --             ;
; IP_TOOL_NAME                        ; ALTPLL                          ; --            ; --          ; --             ;
; IP_TOOL_NAME                        ; Serial Flash Loader             ; --            ; --          ; --             ;
; IP_TOOL_VERSION                     ; 12.0                            ; --            ; --          ; --             ;
; IP_TOOL_VERSION                     ; 12.0                            ; --            ; --          ; --             ;
; MAX_CORE_JUNCTION_TEMP              ; 85                              ; --            ; --          ; --             ;
; MIN_CORE_JUNCTION_TEMP              ; 0                               ; --            ; --          ; --             ;
; MISC_FILE                           ; pll_inst.vhd                    ; --            ; --          ; --             ;
; MISC_FILE                           ; pll.cmp                         ; --            ; --          ; --             ;
; MISC_FILE                           ; pll.ppf                         ; --            ; --          ; --             ;
; MISC_FILE                           ; sfl.cmp                         ; --            ; --          ; --             ;
; OUTPUT_IO_TIMING_FAR_END_VMEAS      ; Half Signal Swing               ; --            ; --          ; --             ;
; OUTPUT_IO_TIMING_FAR_END_VMEAS      ; Half Signal Swing               ; --            ; --          ; --             ;
; OUTPUT_IO_TIMING_NEAR_END_VMEAS     ; Half Vccio                      ; --            ; --          ; --             ;
; OUTPUT_IO_TIMING_NEAR_END_VMEAS     ; Half Vccio                      ; --            ; --          ; --             ;
; PARTITION_COLOR                     ; 16764057                        ; --            ; --          ; Top            ;
; PARTITION_FITTER_PRESERVATION_LEVEL ; PLACEMENT_AND_ROUTING           ; --            ; --          ; Top            ;
; PARTITION_NETLIST_TYPE              ; SOURCE                          ; --            ; --          ; Top            ;
+-------------------------------------+---------------------------------+---------------+-------------+----------------+


+-------------------------------------------------------------------------------------------------------------------------------+
; Flow Elapsed Time                                                                                                             ;
+---------------------------+--------------+-------------------------+---------------------+------------------------------------+
; Module Name               ; Elapsed Time ; Average Processors Used ; Peak Virtual Memory ; Total CPU Time (on all processors) ;
+---------------------------+--------------+-------------------------+---------------------+------------------------------------+
; Analysis & Synthesis      ; 00:00:16     ; 1.0                     ; 366 MB              ; 00:00:13                           ;
; Fitter                    ; 00:00:18     ; 2.5                     ; 512 MB              ; 00:00:21                           ;
; Assembler                 ; 00:00:02     ; 1.0                     ; 333 MB              ; 00:00:02                           ;
; TimeQuest Timing Analyzer ; 00:00:11     ; 1.8                     ; 365 MB              ; 00:00:08                           ;
; EDA Netlist Writer        ; 00:00:08     ; 1.0                     ; 309 MB              ; 00:00:05                           ;
; Total                     ; 00:00:55     ; --                      ; --                  ; 00:00:49                           ;
+---------------------------+--------------+-------------------------+---------------------+------------------------------------+


+----------------------------------------------------------------------------------------+
; Flow OS Summary                                                                        ;
+---------------------------+------------------+-----------+------------+----------------+
; Module Name               ; Machine Hostname ; OS Name   ; OS Version ; Processor type ;
+---------------------------+------------------+-----------+------------+----------------+
; Analysis & Synthesis      ; Westmere         ; Windows 7 ; 6.1        ; x86_64         ;
; Fitter                    ; Westmere         ; Windows 7 ; 6.1        ; x86_64         ;
; Assembler                 ; Westmere         ; Windows 7 ; 6.1        ; x86_64         ;
; TimeQuest Timing Analyzer ; Westmere         ; Windows 7 ; 6.1        ; x86_64         ;
; EDA Netlist Writer        ; Westmere         ; Windows 7 ; 6.1        ; x86_64         ;
+---------------------------+------------------+-----------+------------+----------------+


------------
; Flow Log ;
------------
quartus_map --read_settings_files=on --write_settings_files=off vga_DS -c vga_DS
quartus_fit --read_settings_files=off --write_settings_files=off vga_DS -c vga_DS
quartus_asm --read_settings_files=off --write_settings_files=off vga_DS -c vga_DS
quartus_sta vga_DS -c vga_DS
quartus_eda --read_settings_files=off --write_settings_files=off vga_DS -c vga_DS



